<?xml version="1.0" encoding="UTF-8"?>
<testsuite xmlns:xsi="http://www.w3.org/2001/XMLSchema-instance" xsi:noNamespaceSchemaLocation="https://maven.apache.org/surefire/maven-surefire-plugin/xsd/surefire-test-report-3.0.xsd" version="3.0" name="com.docmgmt.gateway.ApiGatewayApplicationTest" time="3.975" tests="1" errors="0" skipped="0" failures="0">
  <properties>
[...]
</properties>
  <testcase name="contextLoads" classname="com.docmgmt.gateway.ApiGatewayApplicationTest" time="0.524">
    <system-out><![CDATA[07:37:30.602 [main] INFO org.springframework.test.context.support.AnnotationConfigContextLoaderUtils -- Could not detect default configuration classes for test class [com.docmgmt.gateway.ApiGatewayApplicationTest]: ApiGatewayApplicationTest does not declare any static, non-private, non-final, nested classes annotated with @Configuration.
07:37:30.683 [main] INFO org.springframework.boot.test.context.SpringBootTestContextBootstrapper -- Found @SpringBootConfiguration com.docmgmt.gateway.ApiGatewayApplication for test class com.docmgmt.gateway.ApiGatewayApplicationTest

  .   ____          _            __ _ _
 /\\ / ___'_ __ _ _(_)_ __  __ _ \ \ \ \
( ( )\___ | '_ | '_| | '_ \/ _` | \ \ \ \
 \\/  ___)| |_)| | | | | || (_| |  ) ) ) )
  '  |____| .__|_| |_|_| |_\__, | / / / /
 =========|_|==============|___/=/_/_/_/
&amp#27;[32m :: Spring Boot :: &amp#27;[39m              &amp#27;[2m (v3.2.0)&amp#27;[0;39m

&amp#27;[2m2025-05-17T07:37:31.164+01:00&amp#27;[0;39m &amp#27;[32m INFO&amp#27;[0;39m &amp#27;[35m84724&amp#27;[0;39m &amp#27;[2m---&amp#27;[0;39m &amp#27;[2m[api-gateway] [           main]&amp#27;[0;39m &amp#27;[2m&amp#27;[0;39m&amp#27;[36mc.d.gateway.ApiGatewayApplicationTest   &amp#27;[0;39m &amp#27;[2m:&amp#27;[0;39m Starting ApiGatewayApplicationTest using Java 23.0.2 with PID 84724 (started by lilia in /Users/lilia/Desktop/deliverable/dms-gateway-main)
&amp#27;[2m2025-05-17T07:37:31.167+01:00&amp#27;[0;39m &amp#27;[32m INFO&amp#27;[0;39m &amp#27;[35m84724&amp#27;[0;39m &amp#27;[2m---&amp#27;[0;39m &amp#27;[2m[api-gateway] [           main]&amp#27;[0;39m &amp#27;[2m&amp#27;[0;39m&amp#27;[36mc.d.gateway.ApiGatewayApplicationTest   &amp#27;[0;39m &amp#27;[2m:&amp#27;[0;39m No active profile set, falling back to 1 default profile: "default"
&amp#27;[2m2025-05-17T07:37:32.665+01:00&amp#27;[0;39m &amp#27;[32m INFO&amp#27;[0;39m &amp#27;[35m84724&amp#27;[0;39m &amp#27;[2m---&amp#27;[0;39m &amp#27;[2m[api-gateway] [           main]&amp#27;[0;39m &amp#27;[2m&amp#27;[0;39m&amp#27;[36mo.s.cloud.context.scope.GenericScope    &amp#27;[0;39m &amp#27;[2m:&amp#27;[0;39m BeanFactory id=109f4f61-3fde-32dc-8122-272e32101f4c
&amp#27;[2m2025-05-17T07:37:33.052+01:00&amp#27;[0;39m &amp#27;[32m INFO&amp#27;[0;39m &amp#27;[35m84724&amp#27;[0;39m &amp#27;[2m---&amp#27;[0;39m &amp#27;[2m[api-gateway] [           main]&amp#27;[0;39m &amp#27;[2m&amp#27;[0;39m&amp#27;[36mctiveUserDetailsServiceAutoConfiguration&amp#27;[0;39m &amp#27;[2m:&amp#27;[0;39m 

Using generated security password: 3ecf43e0-0f97-41c5-ad4a-84d65213b488

&amp#27;[2m2025-05-17T07:37:33.352+01:00&amp#27;[0;39m &amp#27;[32mDEBUG&amp#27;[0;39m &amp#27;[35m84724&amp#27;[0;39m &amp#27;[2m---&amp#27;[0;39m &amp#27;[2m[api-gateway] [           main]&amp#27;[0;39m &amp#27;[2m&amp#27;[0;39m&amp#27;[36mo.s.c.gateway.config.GatewayProperties  &amp#27;[0;39m &amp#27;[2m:&amp#27;[0;39m Routes supplied from Gateway Properties: [RouteDefinition{id='auth-service', predicates=[PredicateDefinition{name='Path', args={_genkey_0=/auth/**}}], filters=[], uri=http://localhost:8081, order=0, metadata={}}, RouteDefinition{id='document-service', predicates=[PredicateDefinition{name='Path', args={_genkey_0=/documents/**}}], filters=[], uri=http://localhost:8082, order=0, metadata={}}, RouteDefinition{id='category-service', predicates=[PredicateDefinition{name='Path', args={_genkey_0=/categories/**}}], filters=[], uri=http://localhost:8082, order=0, metadata={}}, RouteDefinition{id='department-service', predicates=[PredicateDefinition{name='Path', args={_genkey_0=/departments/**}}], filters=[], uri=http://localhost:8082, order=0, metadata={}}, RouteDefinition{id='translation-service', predicates=[PredicateDefinition{name='Path', args={_genkey_0=/api/translate/**}}], filters=[], uri=http://localhost:9083, order=0, metadata={}}, RouteDefinition{id='storage-service', predicates=[PredicateDefinition{name='Path', args={_genkey_0=/storage/**}}], filters=[], uri=http://localhost:8090, order=0, metadata={}}, RouteDefinition{id='user-service', predicates=[PredicateDefinition{name='Path', args={_genkey_0=/users/**}}], filters=[], uri=http://localhost:8082, order=0, metadata={}}, RouteDefinition{id='document-service-dashboard', predicates=[PredicateDefinition{name='Path', args={_genkey_0=/dashboard}}], filters=[], uri=http://localhost:8082, order=0, metadata={}}]
&amp#27;[2m2025-05-17T07:37:33.442+01:00&amp#27;[0;39m &amp#27;[32m INFO&amp#27;[0;39m &amp#27;[35m84724&amp#27;[0;39m &amp#27;[2m---&amp#27;[0;39m &amp#27;[2m[api-gateway] [           main]&amp#27;[0;39m &amp#27;[2m&amp#27;[0;39m&amp#27;[36mo.s.c.g.r.RouteDefinitionRouteLocator   &amp#27;[0;39m &amp#27;[2m:&amp#27;[0;39m Loaded RoutePredicateFactory [After]
&amp#27;[2m2025-05-17T07:37:33.442+01:00&amp#27;[0;39m &amp#27;[32m INFO&amp#27;[0;39m &amp#27;[35m84724&amp#27;[0;39m &amp#27;[2m---&amp#27;[0;39m &amp#27;[2m[api-gateway] [           main]&amp#27;[0;39m &amp#27;[2m&amp#27;[0;39m&amp#27;[36mo.s.c.g.r.RouteDefinitionRouteLocator   &amp#27;[0;39m &amp#27;[2m:&amp#27;[0;39m Loaded RoutePredicateFactory [Before]
&amp#27;[2m2025-05-17T07:37:33.443+01:00&amp#27;[0;39m &amp#27;[32m INFO&amp#27;[0;39m &amp#27;[35m84724&amp#27;[0;39m &amp#27;[2m---&amp#27;[0;39m &amp#27;[2m[api-gateway] [           main]&amp#27;[0;39m &amp#27;[2m&amp#27;[0;39m&amp#27;[36mo.s.c.g.r.RouteDefinitionRouteLocator   &amp#27;[0;39m &amp#27;[2m:&amp#27;[0;39m Loaded RoutePredicateFactory [Between]
&amp#27;[2m2025-05-17T07:37:33.443+01:00&amp#27;[0;39m &amp#27;[32m INFO&amp#27;[0;39m &amp#27;[35m84724&amp#27;[0;39m &amp#27;[2m---&amp#27;[0;39m &amp#27;[2m[api-gateway] [           main]&amp#27;[0;39m &amp#27;[2m&amp#27;[0;39m&amp#27;[36mo.s.c.g.r.RouteDefinitionRouteLocator   &amp#27;[0;39m &amp#27;[2m:&amp#27;[0;39m Loaded RoutePredicateFactory [Cookie]
&amp#27;[2m2025-05-17T07:37:33.443+01:00&amp#27;[0;39m &amp#27;[32m INFO&amp#27;[0;39m &amp#27;[35m84724&amp#27;[0;39m &amp#27;[2m---&amp#27;[0;39m &amp#27;[2m[api-gateway] [           main]&amp#27;[0;39m &amp#27;[2m&amp#27;[0;39m&amp#27;[36mo.s.c.g.r.RouteDefinitionRouteLocator   &amp#27;[0;39m &amp#27;[2m:&amp#27;[0;39m Loaded RoutePredicateFactory [Header]
&amp#27;[2m2025-05-17T07:37:33.443+01:00&amp#27;[0;39m &amp#27;[32m INFO&amp#27;[0;39m &amp#27;[35m84724&amp#27;[0;39m &amp#27;[2m---&amp#27;[0;39m &amp#27;[2m[api-gateway] [           main]&amp#27;[0;39m &amp#27;[2m&amp#27;[0;39m&amp#27;[36mo.s.c.g.r.RouteDefinitionRouteLocator   &amp#27;[0;39m &amp#27;[2m:&amp#27;[0;39m Loaded RoutePredicateFactory [Host]
&amp#27;[2m2025-05-17T07:37:33.443+01:00&amp#27;[0;39m &amp#27;[32m INFO&amp#27;[0;39m &amp#27;[35m84724&amp#27;[0;39m &amp#27;[2m---&amp#27;[0;39m &amp#27;[2m[api-gateway] [           main]&amp#27;[0;39m &amp#27;[2m&amp#27;[0;39m&amp#27;[36mo.s.c.g.r.RouteDefinitionRouteLocator   &amp#27;[0;39m &amp#27;[2m:&amp#27;[0;39m Loaded RoutePredicateFactory [Method]
&amp#27;[2m2025-05-17T07:37:33.443+01:00&amp#27;[0;39m &amp#27;[32m INFO&amp#27;[0;39m &amp#27;[35m84724&amp#27;[0;39m &amp#27;[2m---&amp#27;[0;39m &amp#27;[2m[api-gateway] [           main]&amp#27;[0;39m &amp#27;[2m&amp#27;[0;39m&amp#27;[36mo.s.c.g.r.RouteDefinitionRouteLocator   &amp#27;[0;39m &amp#27;[2m:&amp#27;[0;39m Loaded RoutePredicateFactory [Path]
&amp#27;[2m2025-05-17T07:37:33.443+01:00&amp#27;[0;39m &amp#27;[32m INFO&amp#27;[0;39m &amp#27;[35m84724&amp#27;[0;39m &amp#27;[2m---&amp#27;[0;39m &amp#27;[2m[api-gateway] [           main]&amp#27;[0;39m &amp#27;[2m&amp#27;[0;39m&amp#27;[36mo.s.c.g.r.RouteDefinitionRouteLocator   &amp#27;[0;39m &amp#27;[2m:&amp#27;[0;39m Loaded RoutePredicateFactory [Query]
&amp#27;[2m2025-05-17T07:37:33.443+01:00&amp#27;[0;39m &amp#27;[32m INFO&amp#27;[0;39m &amp#27;[35m84724&amp#27;[0;39m &amp#27;[2m---&amp#27;[0;39m &amp#27;[2m[api-gateway] [           main]&amp#27;[0;39m &amp#27;[2m&amp#27;[0;39m&amp#27;[36mo.s.c.g.r.RouteDefinitionRouteLocator   &amp#27;[0;39m &amp#27;[2m:&amp#27;[0;39m Loaded RoutePredicateFactory [ReadBody]
&amp#27;[2m2025-05-17T07:37:33.443+01:00&amp#27;[0;39m &amp#27;[32m INFO&amp#27;[0;39m &amp#27;[35m84724&amp#27;[0;39m &amp#27;[2m---&amp#27;[0;39m &amp#27;[2m[api-gateway] [           main]&amp#27;[0;39m &amp#27;[2m&amp#27;[0;39m&amp#27;[36mo.s.c.g.r.RouteDefinitionRouteLocator   &amp#27;[0;39m &amp#27;[2m:&amp#27;[0;39m Loaded RoutePredicateFactory [RemoteAddr]
&amp#27;[2m2025-05-17T07:37:33.443+01:00&amp#27;[0;39m &amp#27;[32m INFO&amp#27;[0;39m &amp#27;[35m84724&amp#27;[0;39m &amp#27;[2m---&amp#27;[0;39m &amp#27;[2m[api-gateway] [           main]&amp#27;[0;39m &amp#27;[2m&amp#27;[0;39m&amp#27;[36mo.s.c.g.r.RouteDefinitionRouteLocator   &amp#27;[0;39m &amp#27;[2m:&amp#27;[0;39m Loaded RoutePredicateFactory [XForwardedRemoteAddr]
&amp#27;[2m2025-05-17T07:37:33.443+01:00&amp#27;[0;39m &amp#27;[32m INFO&amp#27;[0;39m &amp#27;[35m84724&amp#27;[0;39m &amp#27;[2m---&amp#27;[0;39m &amp#27;[2m[api-gateway] [           main]&amp#27;[0;39m &amp#27;[2m&amp#27;[0;39m&amp#27;[36mo.s.c.g.r.RouteDefinitionRouteLocator   &amp#27;[0;39m &amp#27;[2m:&amp#27;[0;39m Loaded RoutePredicateFactory [Weight]
&amp#27;[2m2025-05-17T07:37:33.444+01:00&amp#27;[0;39m &amp#27;[32m INFO&amp#27;[0;39m &amp#27;[35m84724&amp#27;[0;39m &amp#27;[2m---&amp#27;[0;39m &amp#27;[2m[api-gateway] [           main]&amp#27;[0;39m &amp#27;[2m&amp#27;[0;39m&amp#27;[36mo.s.c.g.r.RouteDefinitionRouteLocator   &amp#27;[0;39m &amp#27;[2m:&amp#27;[0;39m Loaded RoutePredicateFactory [CloudFoundryRouteService]
&amp#27;[2m2025-05-17T07:37:33.585+01:00&amp#27;[0;39m &amp#27;[32m INFO&amp#27;[0;39m &amp#27;[35m84724&amp#27;[0;39m &amp#27;[2m---&amp#27;[0;39m &amp#27;[2m[api-gateway] [           main]&amp#27;[0;39m &amp#27;[2m&amp#27;[0;39m&amp#27;[36mo.s.b.a.e.web.EndpointLinksResolver     &amp#27;[0;39m &amp#27;[2m:&amp#27;[0;39m Exposing 4 endpoint(s) beneath base path '/actuator'
&amp#27;[2m2025-05-17T07:37:33.834+01:00&amp#27;[0;39m &amp#27;[32m INFO&amp#27;[0;39m &amp#27;[35m84724&amp#27;[0;39m &amp#27;[2m---&amp#27;[0;39m &amp#27;[2m[api-gateway] [           main]&amp#27;[0;39m &amp#27;[2m&amp#27;[0;39m&amp#27;[36mo.s.b.web.embedded.netty.NettyWebServer &amp#27;[0;39m &amp#27;[2m:&amp#27;[0;39m Netty started on port 64672
&amp#27;[2m2025-05-17T07:37:33.872+01:00&amp#27;[0;39m &amp#27;[32mDEBUG&amp#27;[0;39m &amp#27;[35m84724&amp#27;[0;39m &amp#27;[2m---&amp#27;[0;39m &amp#27;[2m[api-gateway] [           main]&amp#27;[0;39m &amp#27;[2m&amp#27;[0;39m&amp#27;[36mo.s.c.g.r.RouteDefinitionRouteLocator   &amp#27;[0;39m &amp#27;[2m:&amp#27;[0;39m RouteDefinition auth-service applying {_genkey_0=/auth/**} to Path
&amp#27;[2m2025-05-17T07:37:33.887+01:00&amp#27;[0;39m &amp#27;[32mDEBUG&amp#27;[0;39m &amp#27;[35m84724&amp#27;[0;39m &amp#27;[2m---&amp#27;[0;39m &amp#27;[2m[api-gateway] [           main]&amp#27;[0;39m &amp#27;[2m&amp#27;[0;39m&amp#27;[36mo.s.c.g.r.RouteDefinitionRouteLocator   &amp#27;[0;39m &amp#27;[2m:&amp#27;[0;39m RouteDefinition matched: auth-service
&amp#27;[2m2025-05-17T07:37:33.888+01:00&amp#27;[0;39m &amp#27;[32mDEBUG&amp#27;[0;39m &amp#27;[35m84724&amp#27;[0;39m &amp#27;[2m---&amp#27;[0;39m &amp#27;[2m[api-gateway] [           main]&amp#27;[0;39m &amp#27;[2m&amp#27;[0;39m&amp#27;[36mo.s.c.g.r.RouteDefinitionRouteLocator   &amp#27;[0;39m &amp#27;[2m:&amp#27;[0;39m RouteDefinition document-service applying {_genkey_0=/documents/**} to Path
&amp#27;[2m2025-05-17T07:37:33.889+01:00&amp#27;[0;39m &amp#27;[32mDEBUG&amp#27;[0;39m &amp#27;[35m84724&amp#27;[0;39m &amp#27;[2m---&amp#27;[0;39m &amp#27;[2m[api-gateway] [           main]&amp#27;[0;39m &amp#27;[2m&amp#27;[0;39m&amp#27;[36mo.s.c.g.r.RouteDefinitionRouteLocator   &amp#27;[0;39m &amp#27;[2m:&amp#27;[0;39m RouteDefinition matched: document-service
&amp#27;[2m2025-05-17T07:37:33.889+01:00&amp#27;[0;39m &amp#27;[32mDEBUG&amp#27;[0;39m &amp#27;[35m84724&amp#27;[0;39m &amp#27;[2m---&amp#27;[0;39m &amp#27;[2m[api-gateway] [           main]&amp#27;[0;39m &amp#27;[2m&amp#27;[0;39m&amp#27;[36mo.s.c.g.r.RouteDefinitionRouteLocator   &amp#27;[0;39m &amp#27;[2m:&amp#27;[0;39m RouteDefinition category-service applying {_genkey_0=/categories/**} to Path
&amp#27;[2m2025-05-17T07:37:33.890+01:00&amp#27;[0;39m &amp#27;[32mDEBUG&amp#27;[0;39m &amp#27;[35m84724&amp#27;[0;39m &amp#27;[2m---&amp#27;[0;39m &amp#27;[2m[api-gateway] [           main]&amp#27;[0;39m &amp#27;[2m&amp#27;[0;39m&amp#27;[36mo.s.c.g.r.RouteDefinitionRouteLocator   &amp#27;[0;39m &amp#27;[2m:&amp#27;[0;39m RouteDefinition matched: category-service
&amp#27;[2m2025-05-17T07:37:33.890+01:00&amp#27;[0;39m &amp#27;[32mDEBUG&amp#27;[0;39m &amp#27;[35m84724&amp#27;[0;39m &amp#27;[2m---&amp#27;[0;39m &amp#27;[2m[api-gateway] [           main]&amp#27;[0;39m &amp#27;[2m&amp#27;[0;39m&amp#27;[36mo.s.c.g.r.RouteDefinitionRouteLocator   &amp#27;[0;39m &amp#27;[2m:&amp#27;[0;39m RouteDefinition department-service applying {_genkey_0=/departments/**} to Path
&amp#27;[2m2025-05-17T07:37:33.890+01:00&amp#27;[0;39m &amp#27;[32mDEBUG&amp#27;[0;39m &amp#27;[35m84724&amp#27;[0;39m &amp#27;[2m---&amp#27;[0;39m &amp#27;[2m[api-gateway] [           main]&amp#27;[0;39m &amp#27;[2m&amp#27;[0;39m&amp#27;[36mo.s.c.g.r.RouteDefinitionRouteLocator   &amp#27;[0;39m &amp#27;[2m:&amp#27;[0;39m RouteDefinition matched: department-service
&amp#27;[2m2025-05-17T07:37:33.890+01:00&amp#27;[0;39m &amp#27;[32mDEBUG&amp#27;[0;39m &amp#27;[35m84724&amp#27;[0;39m &amp#27;[2m---&amp#27;[0;39m &amp#27;[2m[api-gateway] [           main]&amp#27;[0;39m &amp#27;[2m&amp#27;[0;39m&amp#27;[36mo.s.c.g.r.RouteDefinitionRouteLocator   &amp#27;[0;39m &amp#27;[2m:&amp#27;[0;39m RouteDefinition translation-service applying {_genkey_0=/api/translate/**} to Path
&amp#27;[2m2025-05-17T07:37:33.891+01:00&amp#27;[0;39m &amp#27;[32mDEBUG&amp#27;[0;39m &amp#27;[35m84724&amp#27;[0;39m &amp#27;[2m---&amp#27;[0;39m &amp#27;[2m[api-gateway] [           main]&amp#27;[0;39m &amp#27;[2m&amp#27;[0;39m&amp#27;[36mo.s.c.g.r.RouteDefinitionRouteLocator   &amp#27;[0;39m &amp#27;[2m:&amp#27;[0;39m RouteDefinition matched: translation-service
&amp#27;[2m2025-05-17T07:37:33.891+01:00&amp#27;[0;39m &amp#27;[32mDEBUG&amp#27;[0;39m &amp#27;[35m84724&amp#27;[0;39m &amp#27;[2m---&amp#27;[0;39m &amp#27;[2m[api-gateway] [           main]&amp#27;[0;39m &amp#27;[2m&amp#27;[0;39m&amp#27;[36mo.s.c.g.r.RouteDefinitionRouteLocator   &amp#27;[0;39m &amp#27;[2m:&amp#27;[0;39m RouteDefinition storage-service applying {_genkey_0=/storage/**} to Path
&amp#27;[2m2025-05-17T07:37:33.892+01:00&amp#27;[0;39m &amp#27;[32mDEBUG&amp#27;[0;39m &amp#27;[35m84724&amp#27;[0;39m &amp#27;[2m---&amp#27;[0;39m &amp#27;[2m[api-gateway] [           main]&amp#27;[0;39m &amp#27;[2m&amp#27;[0;39m&amp#27;[36mo.s.c.g.r.RouteDefinitionRouteLocator   &amp#27;[0;39m &amp#27;[2m:&amp#27;[0;39m RouteDefinition matched: storage-service
&amp#27;[2m2025-05-17T07:37:33.892+01:00&amp#27;[0;39m &amp#27;[32mDEBUG&amp#27;[0;39m &amp#27;[35m84724&amp#27;[0;39m &amp#27;[2m---&amp#27;[0;39m &amp#27;[2m[api-gateway] [           main]&amp#27;[0;39m &amp#27;[2m&amp#27;[0;39m&amp#27;[36mo.s.c.g.r.RouteDefinitionRouteLocator   &amp#27;[0;39m &amp#27;[2m:&amp#27;[0;39m RouteDefinition user-service applying {_genkey_0=/users/**} to Path
&amp#27;[2m2025-05-17T07:37:33.892+01:00&amp#27;[0;39m &amp#27;[32mDEBUG&amp#27;[0;39m &amp#27;[35m84724&amp#27;[0;39m &amp#27;[2m---&amp#27;[0;39m &amp#27;[2m[api-gateway] [           main]&amp#27;[0;39m &amp#27;[2m&amp#27;[0;39m&amp#27;[36mo.s.c.g.r.RouteDefinitionRouteLocator   &amp#27;[0;39m &amp#27;[2m:&amp#27;[0;39m RouteDefinition matched: user-service
&amp#27;[2m2025-05-17T07:37:33.893+01:00&amp#27;[0;39m &amp#27;[32mDEBUG&amp#27;[0;39m &amp#27;[35m84724&amp#27;[0;39m &amp#27;[2m---&amp#27;[0;39m &amp#27;[2m[api-gateway] [           main]&amp#27;[0;39m &amp#27;[2m&amp#27;[0;39m&amp#27;[36mo.s.c.g.r.RouteDefinitionRouteLocator   &amp#27;[0;39m &amp#27;[2m:&amp#27;[0;39m RouteDefinition document-service-dashboard applying {_genkey_0=/dashboard} to Path
&amp#27;[2m2025-05-17T07:37:33.893+01:00&amp#27;[0;39m &amp#27;[32mDEBUG&amp#27;[0;39m &amp#27;[35m84724&amp#27;[0;39m &amp#27;[2m---&amp#27;[0;39m &amp#27;[2m[api-gateway] [           main]&amp#27;[0;39m &amp#27;[2m&amp#27;[0;39m&amp#27;[36mo.s.c.g.r.RouteDefinitionRouteLocator   &amp#27;[0;39m &amp#27;[2m:&amp#27;[0;39m RouteDefinition matched: document-service-dashboard
&amp#27;[2m2025-05-17T07:37:33.897+01:00&amp#27;[0;39m &amp#27;[32mDEBUG&amp#27;[0;39m &amp#27;[35m84724&amp#27;[0;39m &amp#27;[2m---&amp#27;[0;39m &amp#27;[2m[api-gateway] [           main]&amp#27;[0;39m &amp#27;[2m&amp#27;[0;39m&amp#27;[36mo.s.c.g.filter.GatewayMetricsFilter     &amp#27;[0;39m &amp#27;[2m:&amp#27;[0;39m New routes count: 8
&amp#27;[2m2025-05-17T07:37:33.898+01:00&amp#27;[0;39m &amp#27;[32m INFO&amp#27;[0;39m &amp#27;[35m84724&amp#27;[0;39m &amp#27;[2m---&amp#27;[0;39m &amp#27;[2m[api-gateway] [           main]&amp#27;[0;39m &amp#27;[2m&amp#27;[0;39m&amp#27;[36mc.d.gateway.ApiGatewayApplicationTest   &amp#27;[0;39m &amp#27;[2m:&amp#27;[0;39m Started ApiGatewayApplicationTest in 3.114 seconds (process running for 3.994)
]]></system-out>
    <system-err><![CDATA[WARNING: A Java agent has been loaded dynamically (/Users/lilia/.m2/repository/net/bytebuddy/byte-buddy-agent/1.14.10/byte-buddy-agent-1.14.10.jar)
WARNING: If a serviceability tool is in use, please run with -XX:+EnableDynamicAgentLoading to hide this warning
WARNING: If a serviceability tool is not in use, please run with -Djdk.instrument.traceUsage for more information
WARNING: Dynamic loading of agents will be disallowed by default in a future release
]]></system-err>
  </testcase>
</testsuite>